c:\users\k024g\onedrive\デスクトップ\授業\cg2\cg2_00_01\cg2_00_01\x64\release\main.obj
c:\users\k024g\onedrive\デスクトップ\授業\cg2\cg2_00_01\cg2_00_01\x64\release\imgui.obj
c:\users\k024g\onedrive\デスクトップ\授業\cg2\cg2_00_01\cg2_00_01\x64\release\matrix.obj
c:\users\k024g\onedrive\デスクトップ\授業\cg2\cg2_00_01\cg2_00_01\x64\release\imgui_widgets.obj
c:\users\k024g\onedrive\デスクトップ\授業\cg2\cg2_00_01\cg2_00_01\x64\release\imgui_tables.obj
c:\users\k024g\onedrive\デスクトップ\授業\cg2\cg2_00_01\cg2_00_01\x64\release\imgui_demo.obj
c:\users\k024g\onedrive\デスクトップ\授業\cg2\cg2_00_01\cg2_00_01\x64\release\imgui_draw.obj
c:\users\k024g\onedrive\デスクトップ\授業\cg2\cg2_00_01\cg2_00_01\x64\release\imgui_impl_win32.obj
c:\users\k024g\onedrive\デスクトップ\授業\cg2\cg2_00_01\cg2_00_01\x64\release\imgui_impl_dx12.obj
c:\users\k024g\onedrive\デスクトップ\授業\cg2\cg2_00_01\cg2_00_01\x64\release\vc143.pdb
c:\users\k024g\onedrive\デスクトップ\授業\cg2\cg2_00_01\cg2_00_01\x64\release\cg2_00_01.ipdb
c:\users\k024g\onedrive\デスクトップ\授業\cg2\cg2_00_01\cg2_00_01\x64\release\cg2_00_01.iobj
c:\users\k024g\onedrive\デスクトップ\授業\cg2\cg2_00_01\x64\release\cg2_00_01.pdb
c:\users\k024g\onedrive\デスクトップ\授業\cg2\cg2_00_01\x64\release\cg2_00_01.exe
c:\users\k024g\onedrive\デスクトップ\授業\cg2\cg2_00_01\cg2_00_01\x64\release\cg2_00_01.tlog\cl.command.1.tlog
c:\users\k024g\onedrive\デスクトップ\授業\cg2\cg2_00_01\cg2_00_01\x64\release\cg2_00_01.tlog\cl.items.tlog
c:\users\k024g\onedrive\デスクトップ\授業\cg2\cg2_00_01\cg2_00_01\x64\release\cg2_00_01.tlog\cl.read.1.tlog
c:\users\k024g\onedrive\デスクトップ\授業\cg2\cg2_00_01\cg2_00_01\x64\release\cg2_00_01.tlog\cl.write.1.tlog
c:\users\k024g\onedrive\デスクトップ\授業\cg2\cg2_00_01\cg2_00_01\x64\release\cg2_00_01.tlog\link-cvtres.read.1.tlog
c:\users\k024g\onedrive\デスクトップ\授業\cg2\cg2_00_01\cg2_00_01\x64\release\cg2_00_01.tlog\link-cvtres.write.1.tlog
c:\users\k024g\onedrive\デスクトップ\授業\cg2\cg2_00_01\cg2_00_01\x64\release\cg2_00_01.tlog\link-rc.read.1.tlog
c:\users\k024g\onedrive\デスクトップ\授業\cg2\cg2_00_01\cg2_00_01\x64\release\cg2_00_01.tlog\link-rc.write.1.tlog
c:\users\k024g\onedrive\デスクトップ\授業\cg2\cg2_00_01\cg2_00_01\x64\release\cg2_00_01.tlog\link.command.1.tlog
c:\users\k024g\onedrive\デスクトップ\授業\cg2\cg2_00_01\cg2_00_01\x64\release\cg2_00_01.tlog\link.read.1.tlog
c:\users\k024g\onedrive\デスクトップ\授業\cg2\cg2_00_01\cg2_00_01\x64\release\cg2_00_01.tlog\link.read.52.tlog
c:\users\k024g\onedrive\デスクトップ\授業\cg2\cg2_00_01\cg2_00_01\x64\release\cg2_00_01.tlog\link.read.53.tlog
c:\users\k024g\onedrive\デスクトップ\授業\cg2\cg2_00_01\cg2_00_01\x64\release\cg2_00_01.tlog\link.read.54.tlog
c:\users\k024g\onedrive\デスクトップ\授業\cg2\cg2_00_01\cg2_00_01\x64\release\cg2_00_01.tlog\link.secondary.1.tlog
c:\users\k024g\onedrive\デスクトップ\授業\cg2\cg2_00_01\cg2_00_01\x64\release\cg2_00_01.tlog\link.write.1.tlog
